{"/Users/kieranomahony/Desktop/fypCOde/CineGuestion/helpers/genreMatcher.ts": {"path":"/Users/kieranomahony/Desktop/fypCOde/CineGuestion/helpers/genreMatcher.ts","statementMap":{"0":{"start":{"line":2,"column":4},"end":{"line":4,"column":null}},"1":{"start":{"line":3,"column":8},"end":{"line":3,"column":18}},"2":{"start":{"line":5,"column":29},"end":{"line":5,"column":62}},"3":{"start":{"line":6,"column":4},"end":{"line":6,"column":32}},"4":{"start":{"line":1,"column":0},"end":{"line":1,"column":7}},"5":{"start":{"line":10,"column":23},"end":{"line":10,"column":25}},"6":{"start":{"line":11,"column":4},"end":{"line":13,"column":null}},"7":{"start":{"line":12,"column":8},"end":{"line":12,"column":140}},"8":{"start":{"line":14,"column":4},"end":{"line":14,"column":24}},"9":{"start":{"line":17,"column":32},"end":{"line":37,"column":null}}},"fnMap":{"0":{"name":"listMatcher","decl":{"start":{"line":1,"column":22},"end":{"line":1,"column":33}},"loc":{"start":{"line":1,"column":78},"end":{"line":7,"column":1}}},"1":{"name":"genreMatcher","decl":{"start":{"line":9,"column":9},"end":{"line":9,"column":21}},"loc":{"start":{"line":9,"column":38},"end":{"line":15,"column":1}}}},"branchMap":{"0":{"loc":{"start":{"line":2,"column":4},"end":{"line":4,"column":null}},"type":"if","locations":[{"start":{"line":2,"column":4},"end":{"line":4,"column":null}},{"start":{"line":2,"column":4},"end":{"line":4,"column":null}}]},"1":{"loc":{"start":{"line":12,"column":47},"end":{"line":12,"column":132}},"type":"cond-expr","locations":[{"start":{"line":12,"column":47},"end":{"line":12,"column":132}},{"start":{"line":12,"column":135},"end":{"line":12,"column":139}}]},"2":{"loc":{"start":{"line":12,"column":77},"end":{"line":12,"column":102}},"type":"cond-expr","locations":[{"start":{"line":12,"column":77},"end":{"line":12,"column":102}},{"start":{"line":12,"column":105},"end":{"line":12,"column":132}}]}},"s":{"0":10,"1":1,"2":9,"3":9,"4":2,"5":9,"6":9,"7":27,"8":9,"9":2},"f":{"0":10,"1":9},"b":{"0":[1,9],"1":[27,0],"2":[9,18]}}
,"/Users/kieranomahony/Desktop/fypCOde/CineGuestion/helpers/logger.ts": {"path":"/Users/kieranomahony/Desktop/fypCOde/CineGuestion/helpers/logger.ts","statementMap":{"0":{"start":{"line":1,"column":0},"end":{"line":1,"column":30}},"1":{"start":{"line":3,"column":13},"end":{"line":7,"column":3}}},"fnMap":{},"branchMap":{},"s":{"0":1,"1":1},"f":{},"b":{}}
,"/Users/kieranomahony/Desktop/fypCOde/CineGuestion/services/movieServices/discoverMoviesService.ts": {"path":"/Users/kieranomahony/Desktop/fypCOde/CineGuestion/services/movieServices/discoverMoviesService.ts","statementMap":{"0":{"start":{"line":2,"column":0},"end":{"line":2,"column":42}},"1":{"start":{"line":3,"column":0},"end":{"line":3,"column":46}},"2":{"start":{"line":4,"column":0},"end":{"line":4,"column":28}},"3":{"start":{"line":5,"column":0},"end":{"line":5,"column":57}},"4":{"start":{"line":8,"column":13},"end":{"line":8,"column":56}},"5":{"start":{"line":15,"column":4},"end":{"line":21,"column":11}},"6":{"start":{"line":17,"column":12},"end":{"line":17,"column":34}},"7":{"start":{"line":19,"column":12},"end":{"line":19,"column":53}},"8":{"start":{"line":20,"column":12},"end":{"line":20,"column":30}},"9":{"start":{"line":14,"column":0},"end":{"line":14,"column":7}},"10":{"start":{"line":31,"column":39},"end":{"line":31,"column":41}},"11":{"start":{"line":32,"column":4},"end":{"line":39,"column":null}},"12":{"start":{"line":33,"column":8},"end":{"line":35,"column":11}},"13":{"start":{"line":34,"column":12},"end":{"line":34,"column":30}},"14":{"start":{"line":37,"column":8},"end":{"line":37,"column":57}},"15":{"start":{"line":38,"column":8},"end":{"line":38,"column":18}},"16":{"start":{"line":40,"column":4},"end":{"line":62,"column":null}},"17":{"start":{"line":41,"column":55},"end":{"line":45,"column":10}},"18":{"start":{"line":47,"column":8},"end":{"line":57,"column":null}},"19":{"start":{"line":48,"column":32},"end":{"line":48,"column":61}},"20":{"start":{"line":49,"column":12},"end":{"line":49,"column":68}},"21":{"start":{"line":50,"column":12},"end":{"line":50,"column":49}},"22":{"start":{"line":51,"column":12},"end":{"line":51,"column":58}},"23":{"start":{"line":52,"column":12},"end":{"line":52,"column":111}},"24":{"start":{"line":53,"column":12},"end":{"line":53,"column":null}},"25":{"start":{"line":54,"column":12},"end":{"line":54,"column":121}},"26":{"start":{"line":55,"column":12},"end":{"line":55,"column":59}},"27":{"start":{"line":56,"column":12},"end":{"line":56,"column":52}},"28":{"start":{"line":58,"column":8},"end":{"line":58,"column":30}},"29":{"start":{"line":60,"column":8},"end":{"line":60,"column":55}},"30":{"start":{"line":61,"column":8},"end":{"line":61,"column":26}},"31":{"start":{"line":30,"column":0},"end":{"line":30,"column":7}},"32":{"start":{"line":70,"column":4},"end":{"line":78,"column":6}},"33":{"start":{"line":69,"column":0},"end":{"line":69,"column":16}},"34":{"start":{"line":85,"column":4},"end":{"line":93,"column":11}},"35":{"start":{"line":87,"column":26},"end":{"line":87,"column":67}},"36":{"start":{"line":89,"column":12},"end":{"line":89,"column":34}},"37":{"start":{"line":91,"column":12},"end":{"line":91,"column":60}},"38":{"start":{"line":92,"column":12},"end":{"line":92,"column":30}},"39":{"start":{"line":84,"column":0},"end":{"line":84,"column":7}}},"fnMap":{"0":{"name":"getMovies","decl":{"start":{"line":14,"column":22},"end":{"line":14,"column":31}},"loc":{"start":{"line":14,"column":77},"end":{"line":22,"column":1}}},"1":{"name":"(anonymous_2)","decl":{"start":{"line":16,"column":14},"end":{"line":16,"column":15}},"loc":{"start":{"line":16,"column":25},"end":{"line":18,"column":9}}},"2":{"name":"(anonymous_3)","decl":{"start":{"line":18,"column":17},"end":{"line":18,"column":18}},"loc":{"start":{"line":18,"column":25},"end":{"line":21,"column":9}}},"3":{"name":"filterMovies","decl":{"start":{"line":30,"column":22},"end":{"line":30,"column":34}},"loc":{"start":{"line":30,"column":96},"end":{"line":63,"column":1}}},"4":{"name":"(anonymous_5)","decl":{"start":{"line":33,"column":41},"end":{"line":33,"column":42}},"loc":{"start":{"line":33,"column":71},"end":{"line":35,"column":9}}},"5":{"name":"returnMovieGenerationObject","decl":{"start":{"line":69,"column":16},"end":{"line":69,"column":43}},"loc":{"start":{"line":69,"column":43},"end":{"line":79,"column":1}}},"6":{"name":"returnMovies","decl":{"start":{"line":84,"column":22},"end":{"line":84,"column":34}},"loc":{"start":{"line":84,"column":80},"end":{"line":94,"column":1}}},"7":{"name":"(anonymous_8)","decl":{"start":{"line":87,"column":14},"end":{"line":87,"column":15}},"loc":{"start":{"line":87,"column":26},"end":{"line":87,"column":67}}},"8":{"name":"(anonymous_9)","decl":{"start":{"line":88,"column":14},"end":{"line":88,"column":15}},"loc":{"start":{"line":88,"column":33},"end":{"line":90,"column":9}}},"9":{"name":"(anonymous_10)","decl":{"start":{"line":90,"column":17},"end":{"line":90,"column":18}},"loc":{"start":{"line":90,"column":25},"end":{"line":93,"column":9}}}},"branchMap":{"0":{"loc":{"start":{"line":49,"column":47},"end":{"line":49,"column":55}},"type":"cond-expr","locations":[{"start":{"line":49,"column":47},"end":{"line":49,"column":55}},{"start":{"line":49,"column":58},"end":{"line":49,"column":67}}]},"1":{"loc":{"start":{"line":52,"column":66},"end":{"line":52,"column":98}},"type":"cond-expr","locations":[{"start":{"line":52,"column":66},"end":{"line":52,"column":98}},{"start":{"line":52,"column":101},"end":{"line":52,"column":110}}]},"2":{"loc":{"start":{"line":54,"column":63},"end":{"line":54,"column":92}},"type":"cond-expr","locations":[{"start":{"line":54,"column":63},"end":{"line":54,"column":92}},{"start":{"line":54,"column":95},"end":{"line":54,"column":120}}]}},"s":{"0":1,"1":1,"2":1,"3":1,"4":1,"5":0,"6":0,"7":0,"8":0,"9":1,"10":2,"11":2,"12":2,"13":7,"14":1,"15":1,"16":1,"17":1,"18":1,"19":7,"20":7,"21":7,"22":7,"23":7,"24":7,"25":7,"26":7,"27":7,"28":1,"29":0,"30":0,"31":1,"32":8,"33":1,"34":0,"35":0,"36":0,"37":0,"38":0,"39":1},"f":{"0":0,"1":0,"2":0,"3":2,"4":7,"5":8,"6":0,"7":0,"8":0,"9":0},"b":{"0":[7,0],"1":[7,0],"2":[7,0]}}
}
