TN:
SF:helpers/genreMatcher.ts
FN:1,listMatcher
FN:9,genreMatcher
FNF:2
FNH:2
FNDA:10,listMatcher
FNDA:9,genreMatcher
DA:1,2
DA:2,10
DA:3,1
DA:5,9
DA:6,9
DA:10,9
DA:11,9
DA:12,27
DA:14,9
DA:17,2
LF:10
LH:10
BRDA:2,0,0,1
BRDA:2,0,1,9
BRDA:12,1,0,27
BRDA:12,1,1,0
BRDA:12,2,0,9
BRDA:12,2,1,18
BRF:6
BRH:5
end_of_record
TN:
SF:helpers/logger.ts
FNF:0
FNH:0
DA:1,1
DA:3,1
LF:2
LH:2
BRF:0
BRH:0
end_of_record
TN:
SF:services/movieServices/discoverMoviesService.ts
FN:14,getMovies
FN:16,(anonymous_2)
FN:18,(anonymous_3)
FN:30,filterMovies
FN:33,(anonymous_5)
FN:69,returnMovieGenerationObject
FN:84,returnMovies
FN:87,(anonymous_8)
FN:88,(anonymous_9)
FN:90,(anonymous_10)
FNF:10
FNH:3
FNDA:0,getMovies
FNDA:0,(anonymous_2)
FNDA:0,(anonymous_3)
FNDA:2,filterMovies
FNDA:7,(anonymous_5)
FNDA:8,returnMovieGenerationObject
FNDA:0,returnMovies
FNDA:0,(anonymous_8)
FNDA:0,(anonymous_9)
FNDA:0,(anonymous_10)
DA:2,1
DA:3,1
DA:4,1
DA:5,1
DA:8,1
DA:14,1
DA:15,0
DA:17,0
DA:19,0
DA:20,0
DA:30,1
DA:31,2
DA:32,2
DA:33,2
DA:34,7
DA:37,1
DA:38,1
DA:40,1
DA:41,1
DA:47,1
DA:48,7
DA:49,7
DA:50,7
DA:51,7
DA:52,7
DA:53,7
DA:54,7
DA:55,7
DA:56,7
DA:58,1
DA:60,0
DA:61,0
DA:69,1
DA:70,8
DA:84,1
DA:85,0
DA:87,0
DA:89,0
DA:91,0
DA:92,0
LF:40
LH:29
BRDA:49,0,0,7
BRDA:49,0,1,0
BRDA:52,1,0,7
BRDA:52,1,1,0
BRDA:54,2,0,7
BRDA:54,2,1,0
BRF:6
BRH:3
end_of_record
